[2020-08-23T21:54:15.748] [DEBUG] cheese - login => username:admin,password:123456
[2020-08-23T21:54:15.763] [DEBUG] cheese - admin
[2020-08-23T21:54:15.803] [DEBUG] cheese - { inspect: [Function: inspect] }
[2020-08-23T21:54:15.805] [DEBUG] cheese - 查询失败
[2020-08-23T21:54:29.637] [DEBUG] cheese - login => username:admin,password:123456
[2020-08-23T21:54:29.637] [DEBUG] cheese - admin
[2020-08-23T21:54:29.640] [DEBUG] cheese - { inspect: [Function: inspect] }
[2020-08-23T21:54:29.640] [DEBUG] cheese - 查询失败
[2020-08-23T21:54:41.843] [DEBUG] cheese - login => username:admin,password:123456
[2020-08-23T21:54:41.843] [DEBUG] cheese - admin
[2020-08-23T21:54:41.845] [DEBUG] cheese - { inspect: [Function: inspect] }
[2020-08-23T21:54:41.846] [DEBUG] cheese - 查询失败
[2020-08-23T21:55:03.734] [DEBUG] cheese - login => username:zss,password:123456
[2020-08-23T21:55:03.734] [DEBUG] cheese - zss
[2020-08-23T21:55:03.737] [DEBUG] cheese - { inspect: [Function: inspect] }
[2020-08-23T21:55:03.737] [DEBUG] cheese - 查询失败
[2020-08-23T21:55:13.433] [DEBUG] cheese - login => username:admin,password:123456
[2020-08-23T21:55:13.433] [DEBUG] cheese - admin
[2020-08-23T21:55:13.438] [DEBUG] cheese - { inspect: [Function: inspect] }
[2020-08-23T21:55:13.438] [DEBUG] cheese - 查询失败
[2020-08-23T21:55:29.872] [DEBUG] cheese - login => username:admin,password:123456
[2020-08-23T21:55:29.872] [DEBUG] cheese - admin
[2020-08-23T21:55:29.876] [DEBUG] cheese - { inspect: [Function: inspect] }
[2020-08-23T21:55:29.876] [DEBUG] cheese - 查询失败
[2020-08-23T21:55:54.263] [DEBUG] cheese - login => username:admin,password:123456
[2020-08-23T21:55:54.264] [DEBUG] cheese - admin
[2020-08-23T21:55:54.267] [DEBUG] cheese - { inspect: [Function: inspect] }
[2020-08-23T21:55:54.267] [DEBUG] cheese - 查询失败
[2020-08-23T21:56:04.708] [DEBUG] cheese - login => username:admin,password:123456
[2020-08-23T21:56:04.708] [DEBUG] cheese - admin
[2020-08-23T21:56:04.711] [DEBUG] cheese - { inspect: [Function: inspect] }
[2020-08-23T21:56:04.711] [DEBUG] cheese - 查询失败
[2020-08-23T21:56:30.911] [DEBUG] cheese - login => username:admin123,password:123456
[2020-08-23T21:56:30.912] [DEBUG] cheese - admin123
[2020-08-23T21:56:30.916] [DEBUG] cheese - { inspect: [Function: inspect] }
[2020-08-23T21:56:30.917] [DEBUG] cheese - 查询失败
[2020-08-23T21:57:17.419] [DEBUG] cheese - login => username:admin,password:123456
[2020-08-23T21:57:17.419] [DEBUG] cheese - admin
[2020-08-23T21:57:17.423] [DEBUG] cheese - { inspect: [Function: inspect] }
[2020-08-23T21:57:17.423] [DEBUG] cheese - 查询失败
[2020-08-23T21:57:18.463] [DEBUG] cheese - login => username:admin,password:123456
[2020-08-23T21:57:18.463] [DEBUG] cheese - admin
[2020-08-23T21:57:18.466] [DEBUG] cheese - { inspect: [Function: inspect] }
[2020-08-23T21:57:18.466] [DEBUG] cheese - 查询失败
[2020-08-23T21:57:20.255] [DEBUG] cheese - login => username:admin,password:123456
[2020-08-23T21:57:20.255] [DEBUG] cheese - admin
[2020-08-23T21:57:20.258] [DEBUG] cheese - { inspect: [Function: inspect] }
[2020-08-23T21:57:20.258] [DEBUG] cheese - 查询失败
[2020-08-23T21:57:21.158] [DEBUG] cheese - login => username:admin,password:123456
[2020-08-23T21:57:21.158] [DEBUG] cheese - admin
[2020-08-23T21:57:21.161] [DEBUG] cheese - { inspect: [Function: inspect] }
[2020-08-23T21:57:21.161] [DEBUG] cheese - 查询失败
[2020-08-23T21:57:22.076] [DEBUG] cheese - login => username:admin,password:123456
[2020-08-23T21:57:22.076] [DEBUG] cheese - admin
[2020-08-23T21:57:22.080] [DEBUG] cheese - { inspect: [Function: inspect] }
[2020-08-23T21:57:22.080] [DEBUG] cheese - 查询失败
[2020-08-23T21:57:43.908] [DEBUG] cheese - login => username:admin,password:123456
[2020-08-23T21:57:43.908] [DEBUG] cheese - admin
[2020-08-23T21:57:43.910] [DEBUG] cheese - { inspect: [Function: inspect] }
[2020-08-23T21:57:43.911] [DEBUG] cheese - 查询失败
[2020-08-23T21:58:49.455] [DEBUG] cheese - login => username:admin,password:123456
[2020-08-23T21:58:49.455] [DEBUG] cheese - admin
[2020-08-23T21:58:49.458] [DEBUG] cheese - { inspect: [Function: inspect] }
[2020-08-23T21:58:49.458] [DEBUG] cheese - 查询失败
[2020-08-23T21:59:04.559] [DEBUG] cheese - login => username:admin,password:123456
[2020-08-23T21:59:04.559] [DEBUG] cheese - admin
[2020-08-23T21:59:04.592] [DEBUG] cheese - { inspect: [Function: inspect] }
[2020-08-23T21:59:04.592] [DEBUG] cheese - 查询失败
[2020-08-23T22:04:52.556] [DEBUG] cheese - login => username:admin,password:123456
[2020-08-23T22:04:52.557] [DEBUG] cheese - admin
[2020-08-23T22:04:52.567] [DEBUG] cheese - { inspect: [Function: inspect] }
[2020-08-23T22:04:52.567] [DEBUG] cheese - 查询失败
[2020-08-23T22:10:31.088] [DEBUG] cheese - login => username:admin,password:123456
[2020-08-23T22:10:31.088] [DEBUG] cheese - admin
[2020-08-23T22:10:31.102] [DEBUG] cheese - { inspect: [Function: inspect] }
[2020-08-23T22:10:31.102] [DEBUG] cheese - 查询失败
[2020-08-23T22:13:26.715] [DEBUG] cheese - login => username:admin,password:123456
[2020-08-23T22:13:26.718] [DEBUG] cheese - admin
[2020-08-23T22:13:26.734] [DEBUG] cheese - { inspect: [Function: inspect] }
[2020-08-23T22:13:26.737] [DEBUG] cheese - 查询失败
[2020-08-24T07:31:06.844] [DEBUG] cheese - login => username:admin,password:123456
[2020-08-24T07:31:06.845] [DEBUG] cheese - admin
[2020-08-24T07:43:12.361] [DEBUG] cheese - login => username:admin,password:123456
[2020-08-24T07:43:12.361] [DEBUG] cheese - admin
[2020-08-24T07:43:12.365] [DEBUG] cheese - login => username:admin,password:123456
[2020-08-24T07:43:12.365] [DEBUG] cheese - admin
[2020-08-24T07:43:12.367] [DEBUG] cheese - login => username:admin,password:123456
[2020-08-24T07:43:12.368] [DEBUG] cheese - admin
[2020-08-24T07:43:12.371] [DEBUG] cheese - login => username:admin,password:123456
[2020-08-24T07:43:12.371] [DEBUG] cheese - admin
[2020-08-24T07:43:12.374] [DEBUG] cheese - login => username:admin,password:123456
[2020-08-24T07:43:12.374] [DEBUG] cheese - admin
[2020-08-24T07:43:12.377] [DEBUG] cheese - login => username:admin,password:123456
[2020-08-24T07:43:12.377] [DEBUG] cheese - admin
[2020-08-24T07:43:12.390] [DEBUG] cheese - null
[2020-08-24T07:43:12.390] [DEBUG] cheese - null
[2020-08-24T07:43:12.647] [DEBUG] cheese - null
[2020-08-24T07:43:12.647] [DEBUG] cheese - null
[2020-08-24T07:43:12.752] [DEBUG] cheese - null
[2020-08-24T07:43:12.753] [DEBUG] cheese - null
[2020-08-24T07:43:12.931] [DEBUG] cheese - null
[2020-08-24T07:43:12.931] [DEBUG] cheese - null
[2020-08-24T07:43:13.069] [DEBUG] cheese - null
[2020-08-24T07:43:13.069] [DEBUG] cheese - null
[2020-08-24T07:43:13.183] [DEBUG] cheese - null
[2020-08-24T07:43:13.184] [DEBUG] cheese - null
[2020-08-24T07:43:13.310] [DEBUG] cheese - null
[2020-08-24T07:43:13.311] [DEBUG] cheese - null
[2020-08-24T07:44:38.175] [DEBUG] cheese - login => username:admin,password:123456
[2020-08-24T07:44:38.178] [DEBUG] cheese - admin
[2020-08-24T07:44:38.203] [DEBUG] cheese - null
[2020-08-24T07:44:38.204] [DEBUG] cheese - null
[2020-08-24T08:11:15.611] [DEBUG] cheese - login => username:admin,password:123456
[2020-08-24T08:11:15.612] [DEBUG] cheese - admin
[2020-08-24T08:11:15.763] [DEBUG] cheese - null
[2020-08-24T08:11:15.763] [DEBUG] cheese - null
[2020-08-24T08:11:36.319] [DEBUG] cheese - login => username:admin,password:123456
[2020-08-24T08:11:36.320] [DEBUG] cheese - admin
[2020-08-24T08:11:36.322] [DEBUG] cheese - null
[2020-08-24T08:11:36.322] [DEBUG] cheese - null
[2020-08-24T08:12:37.158] [DEBUG] cheese - login => username:admin,password:123456
[2020-08-24T08:12:37.158] [DEBUG] cheese - admin
[2020-08-24T08:12:37.161] [DEBUG] cheese - null
[2020-08-24T08:12:37.161] [DEBUG] cheese - null
[2020-08-24T08:13:34.212] [DEBUG] cheese - login => username:admin,password:123456
[2020-08-24T08:13:34.212] [DEBUG] cheese - admin
[2020-08-24T08:13:34.214] [DEBUG] cheese - null
[2020-08-24T08:13:34.214] [DEBUG] cheese - null
[2020-08-24T08:13:36.438] [DEBUG] cheese - login => username:admin,password:123456
[2020-08-24T08:13:36.438] [DEBUG] cheese - admin
[2020-08-24T08:13:36.442] [DEBUG] cheese - null
[2020-08-24T08:13:36.443] [DEBUG] cheese - null
[2020-08-24T08:13:37.297] [DEBUG] cheese - login => username:admin,password:123456
[2020-08-24T08:13:37.297] [DEBUG] cheese - admin
[2020-08-24T08:13:37.299] [DEBUG] cheese - null
[2020-08-24T08:13:37.299] [DEBUG] cheese - null
[2020-08-24T08:13:37.740] [DEBUG] cheese - login => username:admin,password:123456
[2020-08-24T08:13:37.741] [DEBUG] cheese - admin
[2020-08-24T08:13:37.747] [DEBUG] cheese - null
[2020-08-24T08:13:37.747] [DEBUG] cheese - null
[2020-08-24T08:13:37.949] [DEBUG] cheese - login => username:admin,password:123456
[2020-08-24T08:13:37.949] [DEBUG] cheese - admin
[2020-08-24T08:13:37.951] [DEBUG] cheese - null
[2020-08-24T08:13:37.951] [DEBUG] cheese - null
[2020-08-24T08:13:38.325] [DEBUG] cheese - login => username:admin,password:123456
[2020-08-24T08:13:38.325] [DEBUG] cheese - admin
[2020-08-24T08:13:38.328] [DEBUG] cheese - null
[2020-08-24T08:13:38.328] [DEBUG] cheese - null
[2020-08-24T08:13:55.006] [DEBUG] cheese - login => username:admin,password:123456
[2020-08-24T08:13:55.006] [DEBUG] cheese - admin
[2020-08-24T08:13:55.009] [DEBUG] cheese - null
[2020-08-24T08:13:55.009] [DEBUG] cheese - null
[2020-08-24T08:14:30.089] [DEBUG] cheese - login => username:admin,password:123456
[2020-08-24T08:14:30.090] [DEBUG] cheese - admin
[2020-08-24T08:14:30.093] [DEBUG] cheese - null
[2020-08-24T08:14:30.093] [DEBUG] cheese - null
[2020-08-24T08:14:38.109] [DEBUG] cheese - login => username:admin,password:123456
[2020-08-24T08:14:38.109] [DEBUG] cheese - admin
[2020-08-24T08:14:38.113] [DEBUG] cheese - null
[2020-08-24T08:14:38.113] [DEBUG] cheese - null
[2020-08-24T08:14:41.512] [DEBUG] cheese - login => username:admin,password:123456
[2020-08-24T08:14:41.512] [DEBUG] cheese - admin
[2020-08-24T08:14:41.516] [DEBUG] cheese - null
[2020-08-24T08:14:41.516] [DEBUG] cheese - null
[2020-08-24T08:15:09.203] [DEBUG] cheese - login => username:admin,password:123456
[2020-08-24T08:15:09.203] [DEBUG] cheese - admin
[2020-08-24T08:15:09.208] [DEBUG] cheese - null
[2020-08-24T08:15:09.208] [DEBUG] cheese - null
[2020-08-24T08:16:55.448] [DEBUG] cheese - login => username:admin,password:123456
[2020-08-24T08:16:55.448] [DEBUG] cheese - admin
[2020-08-24T08:16:55.450] [DEBUG] cheese - null
[2020-08-24T08:16:55.450] [DEBUG] cheese - null
[2020-08-24T08:23:57.524] [DEBUG] cheese - login => username:admin,password:123456
[2020-08-24T08:23:57.524] [DEBUG] cheese - admin
[2020-08-24T08:23:57.533] [DEBUG] cheese - null
[2020-08-24T08:23:57.533] [DEBUG] cheese - null
[2020-08-24T08:25:33.757] [DEBUG] cheese - login => username:admin,password:123456
[2020-08-24T08:25:33.757] [DEBUG] cheese - admin
[2020-08-24T08:25:33.760] [DEBUG] cheese - null
[2020-08-24T08:25:33.760] [DEBUG] cheese - null
[2020-08-24T08:25:47.200] [DEBUG] cheese - login => username:admin,password:123456
[2020-08-24T08:25:47.200] [DEBUG] cheese - admin
[2020-08-24T08:25:47.204] [DEBUG] cheese - null
[2020-08-24T08:25:47.204] [DEBUG] cheese - null
[2020-08-24T08:26:04.673] [DEBUG] cheese - login => username:admin,password:123456
[2020-08-24T08:26:04.675] [DEBUG] cheese - admin
[2020-08-24T08:26:04.678] [DEBUG] cheese - null
[2020-08-24T08:26:04.678] [DEBUG] cheese - null
[2020-08-24T08:26:29.376] [DEBUG] cheese - login => username:admin,password:123456
[2020-08-24T08:26:29.376] [DEBUG] cheese - admin
[2020-08-24T08:26:29.380] [DEBUG] cheese - null
[2020-08-24T08:26:29.380] [DEBUG] cheese - null
[2020-08-24T09:18:08.100] [DEBUG] cheese - login => username:admin,password:123456
[2020-08-24T09:18:08.100] [DEBUG] cheese - admin
[2020-08-24T09:18:08.103] [DEBUG] cheese - null
[2020-08-24T09:18:08.103] [DEBUG] cheese - null
[2020-08-24T09:31:53.269] [DEBUG] cheese - login => username:admin,password:123456
[2020-08-24T09:31:53.269] [DEBUG] cheese - admin
[2020-08-24T09:31:53.274] [DEBUG] cheese - null
[2020-08-24T09:31:53.274] [DEBUG] cheese - null
[2020-08-24T10:05:32.293] [DEBUG] cheese - login => username:alacazar,password:123456
[2020-08-24T10:05:32.293] [DEBUG] cheese - alacazar
[2020-08-24T10:05:32.296] [DEBUG] cheese - null
[2020-08-24T10:05:32.296] [DEBUG] cheese - null
[2020-08-24T10:05:34.469] [DEBUG] cheese - login => username:alacazar,password:123456
[2020-08-24T10:05:34.469] [DEBUG] cheese - alacazar
[2020-08-24T10:05:34.471] [DEBUG] cheese - null
[2020-08-24T10:05:34.471] [DEBUG] cheese - null
[2020-08-24T10:05:35.382] [DEBUG] cheese - login => username:alacazar,password:123456
[2020-08-24T10:05:35.382] [DEBUG] cheese - alacazar
[2020-08-24T10:05:35.387] [DEBUG] cheese - null
[2020-08-24T10:05:35.387] [DEBUG] cheese - null
[2020-08-24T10:05:49.206] [DEBUG] cheese - login => username:admin,password:123456
[2020-08-24T10:05:49.206] [DEBUG] cheese - admin
[2020-08-24T10:05:49.209] [DEBUG] cheese - null
[2020-08-24T10:05:49.209] [DEBUG] cheese - null
[2020-08-24T10:06:10.313] [DEBUG] cheese - login => username:alacazar,password:123456
[2020-08-24T10:06:10.314] [DEBUG] cheese - alacazar
[2020-08-24T10:06:10.317] [DEBUG] cheese - null
[2020-08-24T10:06:10.317] [DEBUG] cheese - null
[2020-08-24T10:06:11.909] [DEBUG] cheese - login => username:alacazar,password:123456
[2020-08-24T10:06:11.909] [DEBUG] cheese - alacazar
[2020-08-24T10:06:11.913] [DEBUG] cheese - null
[2020-08-24T10:06:11.913] [DEBUG] cheese - null
[2020-08-24T10:06:16.059] [DEBUG] cheese - login => username:admin,password:123456
[2020-08-24T10:06:16.059] [DEBUG] cheese - admin
[2020-08-24T10:06:16.061] [DEBUG] cheese - null
[2020-08-24T10:06:16.061] [DEBUG] cheese - null
[2020-08-24T14:49:42.432] [DEBUG] cheese - login => username:admin,password:123456
[2020-08-24T14:49:42.434] [DEBUG] cheese - admin
[2020-08-24T14:49:42.527] [DEBUG] cheese - null
[2020-08-24T14:49:42.528] [DEBUG] cheese - null
[2020-08-25T08:35:15.868] [DEBUG] cheese - login => username:admin,password:123456
[2020-08-25T08:35:15.869] [DEBUG] cheese - admin
[2020-08-25T08:35:15.881] [DEBUG] cheese - null
[2020-08-25T08:35:15.881] [DEBUG] cheese - null
[2020-08-25T08:52:00.960] [DEBUG] cheese - null
[2020-08-25T08:52:37.542] [DEBUG] cheese - null
[2020-08-25T08:52:43.952] [DEBUG] cheese - null
[2020-08-25T08:54:44.648] [DEBUG] cheese - null
[2020-08-25T08:54:48.535] [DEBUG] cheese - null
[2020-08-25T08:54:50.916] [DEBUG] cheese - null
[2020-08-25T08:54:53.360] [DEBUG] cheese - null
[2020-08-25T08:54:55.586] [DEBUG] cheese - null
[2020-08-25T10:06:53.787] [DEBUG] cheese - null
[2020-08-25T10:06:56.104] [DEBUG] cheese - null
[2020-08-25T10:06:58.349] [DEBUG] cheese - null
[2020-08-25T21:05:43.870] [DEBUG] cheese - login => username:admin,password:123456
[2020-08-25T21:05:43.873] [DEBUG] cheese - admin
[2020-08-25T21:05:43.985] [DEBUG] cheese - null
[2020-08-25T21:05:44.051] [DEBUG] cheese - null
[2020-09-04T11:04:58.951] [DEBUG] cheese - login => username:admin,password:123456
[2020-09-04T11:04:58.952] [DEBUG] cheese - admin
[2020-09-04T11:04:59.159] [DEBUG] cheese - null
[2020-09-04T11:04:59.161] [DEBUG] cheese - null
[2020-09-04T11:06:20.524] [DEBUG] cheese - null
[2020-09-04T11:06:27.862] [DEBUG] cheese - null
[2020-09-04T11:06:29.933] [DEBUG] cheese - null
[2020-09-04T11:06:33.887] [DEBUG] cheese - null
[2020-09-04T11:06:36.380] [DEBUG] cheese - null
[2020-09-04T11:06:38.885] [DEBUG] cheese - null
[2020-09-04T11:06:53.269] [DEBUG] cheese - null
[2020-09-04T11:06:56.064] [DEBUG] cheese - null
[2020-09-04T11:15:07.040] [DEBUG] cheese - login => username:admin,password:123456
[2020-09-04T11:15:07.041] [DEBUG] cheese - admin
[2020-09-04T11:15:07.044] [DEBUG] cheese - null
[2020-09-04T11:15:07.044] [DEBUG] cheese - null
[2020-09-04T11:15:54.103] [DEBUG] cheese - login => username:admin,password:123456
[2020-09-04T11:15:54.103] [DEBUG] cheese - admin
[2020-09-04T11:15:54.106] [DEBUG] cheese - null
[2020-09-04T11:15:54.107] [DEBUG] cheese - null
[2020-09-04T14:03:23.881] [DEBUG] cheese - login => username:admin,password:123456
[2020-09-04T14:03:23.882] [DEBUG] cheese - admin
[2020-09-04T14:03:32.145] [DEBUG] cheese - login => username:admin,password:123456
[2020-09-04T14:03:32.145] [DEBUG] cheese - admin
[2020-09-04T14:03:32.150] [DEBUG] cheese - null
[2020-09-04T14:03:32.151] [DEBUG] cheese - null
[2020-09-04T14:03:32.250] [DEBUG] cheese - null
[2020-09-04T14:03:32.250] [DEBUG] cheese - null
[2020-09-04T14:54:33.719] [DEBUG] cheese - login => username:admin,password:123456
[2020-09-04T14:54:33.738] [DEBUG] cheese - admin
[2020-09-04T14:54:33.745] [DEBUG] cheese - null
[2020-09-04T14:54:33.762] [DEBUG] cheese - null
[2020-09-09T12:33:12.433] [DEBUG] cheese - login => username:admin,password:123456
[2020-09-09T12:33:12.460] [DEBUG] cheese - admin
[2020-09-09T12:33:12.713] [DEBUG] cheese - null
[2020-09-09T12:33:12.714] [DEBUG] cheese - null
[2020-09-09T12:33:23.742] [DEBUG] cheese - login => username:admin,password:123456
[2020-09-09T12:33:23.742] [DEBUG] cheese - admin
[2020-09-09T12:33:23.746] [DEBUG] cheese - null
[2020-09-09T12:33:23.746] [DEBUG] cheese - null
[2020-09-09T12:33:46.028] [DEBUG] cheese - login => username:admin,password:123456
[2020-09-09T12:33:46.028] [DEBUG] cheese - admin
[2020-09-09T12:33:46.035] [DEBUG] cheese - null
[2020-09-09T12:33:46.035] [DEBUG] cheese - null
[2020-09-09T12:39:43.280] [DEBUG] cheese - login => username:admin,password:123456
[2020-09-09T12:39:43.281] [DEBUG] cheese - admin
[2020-09-09T12:39:43.283] [DEBUG] cheese - null
[2020-09-09T12:39:43.283] [DEBUG] cheese - null
[2020-09-09T12:42:04.243] [DEBUG] cheese - login => username:admin,password:123456
[2020-09-09T12:42:04.244] [DEBUG] cheese - admin
[2020-09-09T12:42:04.248] [DEBUG] cheese - null
[2020-09-09T12:42:04.248] [DEBUG] cheese - null
[2020-09-09T12:50:32.176] [DEBUG] cheese - login => username:admin,password:123456
[2020-09-09T12:50:32.177] [DEBUG] cheese - admin
[2020-09-09T12:50:32.180] [DEBUG] cheese - null
[2020-09-09T12:50:32.181] [DEBUG] cheese - null
[2020-09-09T12:58:23.062] [DEBUG] cheese - login => username:admin,password:123456
[2020-09-09T12:58:23.063] [DEBUG] cheese - admin
[2020-09-09T12:58:23.071] [DEBUG] cheese - null
[2020-09-09T12:58:23.072] [DEBUG] cheese - null
[2020-09-09T14:55:06.291] [DEBUG] cheese - login => username:admin,password:123456
[2020-09-09T14:55:06.291] [DEBUG] cheese - admin
[2020-09-09T14:55:44.507] [DEBUG] cheese - login => username:admin,password:123456
[2020-09-09T14:55:44.507] [DEBUG] cheese - admin
[2020-09-09T14:55:44.527] [DEBUG] cheese - null
[2020-09-09T14:55:44.527] [DEBUG] cheese - null
[2020-09-09T14:55:44.627] [DEBUG] cheese - login => username:admin,password:123456
[2020-09-09T14:55:44.628] [DEBUG] cheese - admin
[2020-09-09T14:55:44.629] [DEBUG] cheese - null
[2020-09-09T14:55:44.629] [DEBUG] cheese - null
[2020-09-09T14:55:44.726] [DEBUG] cheese - login => username:admin,password:123456
[2020-09-09T14:55:44.726] [DEBUG] cheese - admin
[2020-09-09T14:55:44.727] [DEBUG] cheese - login => username:admin,password:123456
[2020-09-09T14:55:44.727] [DEBUG] cheese - admin
[2020-09-09T14:55:44.731] [DEBUG] cheese - login => username:admin,password:123456
[2020-09-09T14:55:44.731] [DEBUG] cheese - admin
[2020-09-09T14:55:44.733] [DEBUG] cheese - login => username:admin,password:123456
[2020-09-09T14:55:44.733] [DEBUG] cheese - admin
[2020-09-09T14:55:44.739] [DEBUG] cheese - null
[2020-09-09T14:55:44.739] [DEBUG] cheese - null
[2020-09-09T14:55:44.835] [DEBUG] cheese - null
[2020-09-09T14:55:44.835] [DEBUG] cheese - null
[2020-09-09T14:55:44.975] [DEBUG] cheese - null
[2020-09-09T14:55:44.975] [DEBUG] cheese - null
[2020-09-09T14:55:45.085] [DEBUG] cheese - null
[2020-09-09T14:55:45.085] [DEBUG] cheese - null
[2020-09-09T14:55:45.199] [DEBUG] cheese - null
[2020-09-09T14:55:45.199] [DEBUG] cheese - null
[2020-09-09T14:56:27.343] [DEBUG] cheese - login => username:admin,password:123456
[2020-09-09T14:56:27.344] [DEBUG] cheese - admin
[2020-09-09T14:56:27.346] [DEBUG] cheese - null
[2020-09-09T14:56:27.346] [DEBUG] cheese - null
[2020-09-09T15:09:18.831] [DEBUG] cheese - login => username:admin,password:123456
[2020-09-09T15:09:18.831] [DEBUG] cheese - admin
[2020-09-09T15:09:18.834] [DEBUG] cheese - null
[2020-09-09T15:09:18.834] [DEBUG] cheese - null
[2020-09-09T15:12:07.361] [DEBUG] cheese - login => username:admin,password:123456
[2020-09-09T15:12:07.361] [DEBUG] cheese - admin
[2020-09-09T15:12:07.363] [DEBUG] cheese - null
[2020-09-09T15:12:07.364] [DEBUG] cheese - null
[2020-09-11T16:12:57.592] [DEBUG] cheese - login => username:admin,password:123456
[2020-09-11T16:12:57.610] [DEBUG] cheese - admin
[2020-09-11T16:12:57.798] [DEBUG] cheese - null
[2020-09-11T16:12:57.799] [DEBUG] cheese - null
[2020-09-11T16:19:04.498] [DEBUG] cheese - login => username:admin,password:123456
[2020-09-11T16:19:04.499] [DEBUG] cheese - admin
[2020-09-11T16:19:04.502] [DEBUG] cheese - null
[2020-09-11T16:19:04.502] [DEBUG] cheese - null
[2020-09-11T16:29:31.686] [DEBUG] cheese - login => username:admin,password:123456
[2020-09-11T16:29:31.687] [DEBUG] cheese - admin
[2020-09-11T16:29:31.691] [DEBUG] cheese - null
[2020-09-11T16:29:31.691] [DEBUG] cheese - null
[2020-09-11T16:51:07.781] [DEBUG] cheese - login => username:admin,password:123456
[2020-09-11T16:51:07.782] [DEBUG] cheese - admin
[2020-09-11T16:51:07.785] [DEBUG] cheese - null
[2020-09-11T16:51:07.786] [DEBUG] cheese - null
[2020-09-11T17:19:27.538] [DEBUG] cheese - null
[2020-09-11T17:19:33.383] [DEBUG] cheese - null
[2020-09-11T17:19:38.458] [DEBUG] cheese - null
[2020-09-11T17:19:41.006] [DEBUG] cheese - null
[2020-09-11T17:19:46.199] [DEBUG] cheese - null
[2020-09-11T17:19:54.661] [DEBUG] cheese - null
[2020-09-11T22:30:23.730] [DEBUG] cheese - login => username:admin,password:123456
[2020-09-11T22:30:23.731] [DEBUG] cheese - admin
[2020-09-11T22:30:23.752] [DEBUG] cheese - null
[2020-09-11T22:30:23.752] [DEBUG] cheese - null
[2020-09-11T22:31:47.929] [DEBUG] cheese - null
[2020-09-11T22:31:50.438] [DEBUG] cheese - null
[2020-09-11T22:31:52.762] [DEBUG] cheese - null
[2020-09-12T08:56:44.286] [DEBUG] cheese - login => username:admin,password:123456
[2020-09-12T08:56:44.288] [DEBUG] cheese - admin
[2020-09-12T08:56:44.292] [DEBUG] cheese - null
[2020-09-12T08:56:44.293] [DEBUG] cheese - null
[2020-09-13T10:43:42.820] [DEBUG] cheese - login => username:admin,password:123456
[2020-09-13T10:43:43.038] [DEBUG] cheese - admin
[2020-09-13T10:43:43.801] [DEBUG] cheese - null
[2020-09-13T10:43:43.802] [DEBUG] cheese - null
[2020-09-13T16:17:34.048] [DEBUG] cheese - login => username:admin,password:123456
[2020-09-13T16:17:34.060] [DEBUG] cheese - admin
[2020-09-13T16:17:34.357] [DEBUG] cheese - null
[2020-09-13T16:17:34.358] [DEBUG] cheese - null
[2020-10-04T08:34:36.355] [DEBUG] cheese - login => username:admin,password:123456
[2020-10-04T08:34:36.370] [DEBUG] cheese - admin
[2020-10-04T08:34:36.583] [DEBUG] cheese - null
[2020-10-04T08:34:36.584] [DEBUG] cheese - null
